<?xml version="1.0" encoding="UTF-8"?>
<TestRun id="13ad6636-c014-42e8-9238-031a5955f985" name="Jeff@UGGLAN 2012-10-02 13:50:07" runUser="ugglan\Jeff" xmlns="http://microsoft.com/schemas/VisualStudio/TeamTest/2010">
  <TestSettings name="Default Test Settings" id="c91963d5-6a92-4c5d-9683-aa954b6eca13">
    <Deployment runDeploymentRoot="Jeff_UGGLAN 2012-10-02 13_50_07">
      <DeploymentItem filename="C:\code\tangocarddev\TangoCard_DotNet_SDK\dev\bin\Debug\TangoCard_DotNet_SDK.dll" />
    </Deployment>
    <Execution>
      <TestTypeSpecific />
      <AgentRule name="Execution Agents">
      </AgentRule>
    </Execution>
  </TestSettings>
  <Times creation="2012-10-02T13:50:07.8575307-07:00" queuing="2012-10-02T13:50:08.9155912-07:00" start="2012-10-02T13:50:09.0826008-07:00" finish="2012-10-02T13:50:20.4832529-07:00" />
  <ResultSummary outcome="Completed">
    <Counters total="11" executed="11" passed="11" error="0" failed="0" timeout="0" aborted="0" inconclusive="0" passedButRunAborted="0" notRunnable="0" notExecuted="0" disconnected="0" warning="0" completed="0" inProgress="0" pending="0" />
  </ResultSummary>
  <TestDefinitions>
    <UnitTest name="Test_PurchaseCard_InsufficientFunds" storage="c:\code\tangocarddev\tangocard_dotnet_sdk\dev\tangocard.sdk.unittests\bin\debug\tangocard.sdk.unittests.dll" id="deba0817-cbdc-6ef0-8ac9-ed202de95483">
      <DeploymentItems>
        <DeploymentItem filename="TangoCard.Sdk.Unittests\DeploymentItems\TangoCard_DotNet_SDK.dll.config" />
      </DeploymentItems>
      <Execution id="6e6f34c8-2874-42d7-ac7a-b4dc0c981544" />
      <TestMethod codeBase="C:/code/tangocarddev/TangoCard_DotNet_SDK/dev/TangoCard.Sdk.Unittests/bin/Debug/TangoCard.Sdk.Unittests.DLL" adapterTypeName="Microsoft.VisualStudio.TestTools.TestTypes.Unit.UnitTestAdapter, Microsoft.VisualStudio.QualityTools.Tips.UnitTest.Adapter, Version=10.0.0.0, Culture=neutral, PublicKeyToken=b03f5f7f11d50a3a" className="TangoCard.Sdk.Unittests.UnitTest_PurchaseCard, TangoCard.Sdk.Unittests, Version=1.0.4.0, Culture=neutral, PublicKeyToken=null" name="Test_PurchaseCard_InsufficientFunds" />
    </UnitTest>
    <UnitTest name="Test_PurchaseCard_with_NoDelivery_Api" storage="c:\code\tangocarddev\tangocard_dotnet_sdk\dev\tangocard.sdk.unittests\bin\debug\tangocard.sdk.unittests.dll" id="82c3326d-81f5-aba8-e1bb-3a64ecece58f">
      <DeploymentItems>
        <DeploymentItem filename="TangoCard.Sdk.Unittests\DeploymentItems\TangoCard_DotNet_SDK.dll.config" />
      </DeploymentItems>
      <Execution id="ba917bfc-5dc3-4576-a2d2-1f274dbbc2a1" />
      <TestMethod codeBase="C:/code/tangocarddev/TangoCard_DotNet_SDK/dev/TangoCard.Sdk.Unittests/bin/Debug/TangoCard.Sdk.Unittests.DLL" adapterTypeName="Microsoft.VisualStudio.TestTools.TestTypes.Unit.UnitTestAdapter, Microsoft.VisualStudio.QualityTools.Tips.UnitTest.Adapter, Version=10.0.0.0, Culture=neutral, PublicKeyToken=b03f5f7f11d50a3a" className="TangoCard.Sdk.Unittests.UnitTest_PurchaseCard, TangoCard.Sdk.Unittests, Version=1.0.4.0, Culture=neutral, PublicKeyToken=null" name="Test_PurchaseCard_with_NoDelivery_Api" />
    </UnitTest>
    <UnitTest name="Test_PurchaseCard_with_NoDelivery" storage="c:\code\tangocarddev\tangocard_dotnet_sdk\dev\tangocard.sdk.unittests\bin\debug\tangocard.sdk.unittests.dll" id="aea2b97b-c820-26a0-f0d4-77175a63111a">
      <DeploymentItems>
        <DeploymentItem filename="TangoCard.Sdk.Unittests\DeploymentItems\TangoCard_DotNet_SDK.dll.config" />
      </DeploymentItems>
      <Execution id="e84275eb-921c-4133-bd19-1338c663884c" />
      <TestMethod codeBase="C:/code/tangocarddev/TangoCard_DotNet_SDK/dev/TangoCard.Sdk.Unittests/bin/Debug/TangoCard.Sdk.Unittests.DLL" adapterTypeName="Microsoft.VisualStudio.TestTools.TestTypes.Unit.UnitTestAdapter, Microsoft.VisualStudio.QualityTools.Tips.UnitTest.Adapter, Version=10.0.0.0, Culture=neutral, PublicKeyToken=b03f5f7f11d50a3a" className="TangoCard.Sdk.Unittests.UnitTest_PurchaseCard, TangoCard.Sdk.Unittests, Version=1.0.4.0, Culture=neutral, PublicKeyToken=null" name="Test_PurchaseCard_with_NoDelivery" />
    </UnitTest>
    <UnitTest name="Test_GetAvailableBalance_InvalidCredentials" storage="c:\code\tangocarddev\tangocard_dotnet_sdk\dev\tangocard.sdk.unittests\bin\debug\tangocard.sdk.unittests.dll" id="9316568e-506c-ed6d-5077-25d70d0ecc30">
      <DeploymentItems>
        <DeploymentItem filename="TangoCard.Sdk.Unittests\DeploymentItems\TangoCard_DotNet_SDK.dll.config" />
      </DeploymentItems>
      <Execution id="0d460592-0add-4722-b62e-726932372381" />
      <TestMethod codeBase="C:/code/tangocarddev/TangoCard_DotNet_SDK/dev/TangoCard.Sdk.Unittests/bin/Debug/TangoCard.Sdk.Unittests.DLL" adapterTypeName="Microsoft.VisualStudio.TestTools.TestTypes.Unit.UnitTestAdapter, Microsoft.VisualStudio.QualityTools.Tips.UnitTest.Adapter, Version=10.0.0.0, Culture=neutral, PublicKeyToken=b03f5f7f11d50a3a" className="TangoCard.Sdk.Unittests.UnitTest_GetAvailableBalance, TangoCard.Sdk.Unittests, Version=1.0.4.0, Culture=neutral, PublicKeyToken=null" name="Test_GetAvailableBalance_InvalidCredentials" />
    </UnitTest>
    <UnitTest name="Test_PurchaseCard_InsufficientFunds_10000000" storage="c:\code\tangocarddev\tangocard_dotnet_sdk\dev\tangocard.sdk.unittests\bin\debug\tangocard.sdk.unittests.dll" id="c5fa947b-2454-14f3-3111-2ad4672d59c2">
      <DeploymentItems>
        <DeploymentItem filename="TangoCard.Sdk.Unittests\DeploymentItems\TangoCard_DotNet_SDK.dll.config" />
      </DeploymentItems>
      <Execution id="d1bd2e66-eecd-4bf2-a2c9-5a9ad3846318" />
      <TestMethod codeBase="C:/code/tangocarddev/TangoCard_DotNet_SDK/dev/TangoCard.Sdk.Unittests/bin/Debug/TangoCard.Sdk.Unittests.DLL" adapterTypeName="Microsoft.VisualStudio.TestTools.TestTypes.Unit.UnitTestAdapter, Microsoft.VisualStudio.QualityTools.Tips.UnitTest.Adapter, Version=10.0.0.0, Culture=neutral, PublicKeyToken=b03f5f7f11d50a3a" className="TangoCard.Sdk.Unittests.UnitTest_PurchaseCard, TangoCard.Sdk.Unittests, Version=1.0.4.0, Culture=neutral, PublicKeyToken=null" name="Test_PurchaseCard_InsufficientFunds_10000000" />
    </UnitTest>
    <UnitTest name="Test_PurchaseCard_InvalidCredentials" storage="c:\code\tangocarddev\tangocard_dotnet_sdk\dev\tangocard.sdk.unittests\bin\debug\tangocard.sdk.unittests.dll" id="8e238ebb-5605-3812-5fb7-769d1161d1e8">
      <DeploymentItems>
        <DeploymentItem filename="TangoCard.Sdk.Unittests\DeploymentItems\TangoCard_DotNet_SDK.dll.config" />
      </DeploymentItems>
      <Execution id="0141de83-4090-4595-88a8-c3d072e266cd" />
      <TestMethod codeBase="C:/code/tangocarddev/TangoCard_DotNet_SDK/dev/TangoCard.Sdk.Unittests/bin/Debug/TangoCard.Sdk.Unittests.DLL" adapterTypeName="Microsoft.VisualStudio.TestTools.TestTypes.Unit.UnitTestAdapter, Microsoft.VisualStudio.QualityTools.Tips.UnitTest.Adapter, Version=10.0.0.0, Culture=neutral, PublicKeyToken=b03f5f7f11d50a3a" className="TangoCard.Sdk.Unittests.UnitTest_PurchaseCard, TangoCard.Sdk.Unittests, Version=1.0.4.0, Culture=neutral, PublicKeyToken=null" name="Test_PurchaseCard_InvalidCredentials" />
    </UnitTest>
    <UnitTest name="Test_PurchaseCard_InvalidInput_Sku" storage="c:\code\tangocarddev\tangocard_dotnet_sdk\dev\tangocard.sdk.unittests\bin\debug\tangocard.sdk.unittests.dll" id="41c93455-8c54-54d6-1c21-f886a3fe91ab">
      <DeploymentItems>
        <DeploymentItem filename="TangoCard.Sdk.Unittests\DeploymentItems\TangoCard_DotNet_SDK.dll.config" />
      </DeploymentItems>
      <Execution id="d02e87ca-6b94-4ecf-8413-b636405b074e" />
      <TestMethod codeBase="C:/code/tangocarddev/TangoCard_DotNet_SDK/dev/TangoCard.Sdk.Unittests/bin/Debug/TangoCard.Sdk.Unittests.DLL" adapterTypeName="Microsoft.VisualStudio.TestTools.TestTypes.Unit.UnitTestAdapter, Microsoft.VisualStudio.QualityTools.Tips.UnitTest.Adapter, Version=10.0.0.0, Culture=neutral, PublicKeyToken=b03f5f7f11d50a3a" className="TangoCard.Sdk.Unittests.UnitTest_PurchaseCard, TangoCard.Sdk.Unittests, Version=1.0.4.0, Culture=neutral, PublicKeyToken=null" name="Test_PurchaseCard_InvalidInput_Sku" />
    </UnitTest>
    <UnitTest name="Test_PurchaseCard_with_Delivery" storage="c:\code\tangocarddev\tangocard_dotnet_sdk\dev\tangocard.sdk.unittests\bin\debug\tangocard.sdk.unittests.dll" id="18e4a4b0-321f-d8fe-e1dc-6bed9061c905">
      <DeploymentItems>
        <DeploymentItem filename="TangoCard.Sdk.Unittests\DeploymentItems\TangoCard_DotNet_SDK.dll.config" />
      </DeploymentItems>
      <Execution id="2a94c56a-f019-4c2a-b787-ae24f4287381" />
      <TestMethod codeBase="C:/code/tangocarddev/TangoCard_DotNet_SDK/dev/TangoCard.Sdk.Unittests/bin/Debug/TangoCard.Sdk.Unittests.DLL" adapterTypeName="Microsoft.VisualStudio.TestTools.TestTypes.Unit.UnitTestAdapter, Microsoft.VisualStudio.QualityTools.Tips.UnitTest.Adapter, Version=10.0.0.0, Culture=neutral, PublicKeyToken=b03f5f7f11d50a3a" className="TangoCard.Sdk.Unittests.UnitTest_PurchaseCard, TangoCard.Sdk.Unittests, Version=1.0.4.0, Culture=neutral, PublicKeyToken=null" name="Test_PurchaseCard_with_Delivery" />
    </UnitTest>
    <UnitTest name="Test_GetAvailableBalance_InsufficientFunds" storage="c:\code\tangocarddev\tangocard_dotnet_sdk\dev\tangocard.sdk.unittests\bin\debug\tangocard.sdk.unittests.dll" id="152bd078-e8ce-d8c5-5081-efc5af0ee103">
      <DeploymentItems>
        <DeploymentItem filename="TangoCard.Sdk.Unittests\DeploymentItems\TangoCard_DotNet_SDK.dll.config" />
      </DeploymentItems>
      <Execution id="d647fcd3-7299-4362-a651-081f53e5703a" />
      <TestMethod codeBase="C:/code/tangocarddev/TangoCard_DotNet_SDK/dev/TangoCard.Sdk.Unittests/bin/Debug/TangoCard.Sdk.Unittests.DLL" adapterTypeName="Microsoft.VisualStudio.TestTools.TestTypes.Unit.UnitTestAdapter, Microsoft.VisualStudio.QualityTools.Tips.UnitTest.Adapter, Version=10.0.0.0, Culture=neutral, PublicKeyToken=b03f5f7f11d50a3a" className="TangoCard.Sdk.Unittests.UnitTest_GetAvailableBalance, TangoCard.Sdk.Unittests, Version=1.0.4.0, Culture=neutral, PublicKeyToken=null" name="Test_GetAvailableBalance_InsufficientFunds" />
    </UnitTest>
    <UnitTest name="Test_GetAvailableBalance_Request" storage="c:\code\tangocarddev\tangocard_dotnet_sdk\dev\tangocard.sdk.unittests\bin\debug\tangocard.sdk.unittests.dll" id="d1981100-7810-b4b9-afdd-48e37317502a">
      <DeploymentItems>
        <DeploymentItem filename="TangoCard.Sdk.Unittests\DeploymentItems\TangoCard_DotNet_SDK.dll.config" />
      </DeploymentItems>
      <Execution id="74ce140f-f211-4b66-9692-189dad2a42f4" />
      <TestMethod codeBase="C:/code/tangocarddev/TangoCard_DotNet_SDK/dev/TangoCard.Sdk.Unittests/bin/Debug/TangoCard.Sdk.Unittests.DLL" adapterTypeName="Microsoft.VisualStudio.TestTools.TestTypes.Unit.UnitTestAdapter, Microsoft.VisualStudio.QualityTools.Tips.UnitTest.Adapter, Version=10.0.0.0, Culture=neutral, PublicKeyToken=b03f5f7f11d50a3a" className="TangoCard.Sdk.Unittests.UnitTest_GetAvailableBalance, TangoCard.Sdk.Unittests, Version=1.0.4.0, Culture=neutral, PublicKeyToken=null" name="Test_GetAvailableBalance_Request" />
    </UnitTest>
    <UnitTest name="Test_GetAvailableBalance_Api" storage="c:\code\tangocarddev\tangocard_dotnet_sdk\dev\tangocard.sdk.unittests\bin\debug\tangocard.sdk.unittests.dll" id="29f6a3cc-4238-b7f6-fe09-faef69b4c2d2">
      <DeploymentItems>
        <DeploymentItem filename="TangoCard.Sdk.Unittests\DeploymentItems\TangoCard_DotNet_SDK.dll.config" />
      </DeploymentItems>
      <Execution id="4edfc03a-1f18-42a2-9025-01c9c2e76231" />
      <TestMethod codeBase="C:/code/tangocarddev/TangoCard_DotNet_SDK/dev/TangoCard.Sdk.Unittests/bin/Debug/TangoCard.Sdk.Unittests.DLL" adapterTypeName="Microsoft.VisualStudio.TestTools.TestTypes.Unit.UnitTestAdapter, Microsoft.VisualStudio.QualityTools.Tips.UnitTest.Adapter, Version=10.0.0.0, Culture=neutral, PublicKeyToken=b03f5f7f11d50a3a" className="TangoCard.Sdk.Unittests.UnitTest_GetAvailableBalance, TangoCard.Sdk.Unittests, Version=1.0.4.0, Culture=neutral, PublicKeyToken=null" name="Test_GetAvailableBalance_Api" />
    </UnitTest>
  </TestDefinitions>
  <TestLists>
    <TestList name="Results Not in a List" id="8c84fa94-04c1-424b-9868-57a2d4851a1d" />
    <TestList name="All Loaded Results" id="19431567-8539-422a-85d7-44ee4e166bda" />
  </TestLists>
  <TestEntries>
    <TestEntry testId="8e238ebb-5605-3812-5fb7-769d1161d1e8" executionId="0141de83-4090-4595-88a8-c3d072e266cd" testListId="8c84fa94-04c1-424b-9868-57a2d4851a1d" />
    <TestEntry testId="deba0817-cbdc-6ef0-8ac9-ed202de95483" executionId="6e6f34c8-2874-42d7-ac7a-b4dc0c981544" testListId="8c84fa94-04c1-424b-9868-57a2d4851a1d" />
    <TestEntry testId="41c93455-8c54-54d6-1c21-f886a3fe91ab" executionId="d02e87ca-6b94-4ecf-8413-b636405b074e" testListId="8c84fa94-04c1-424b-9868-57a2d4851a1d" />
    <TestEntry testId="c5fa947b-2454-14f3-3111-2ad4672d59c2" executionId="d1bd2e66-eecd-4bf2-a2c9-5a9ad3846318" testListId="8c84fa94-04c1-424b-9868-57a2d4851a1d" />
    <TestEntry testId="82c3326d-81f5-aba8-e1bb-3a64ecece58f" executionId="ba917bfc-5dc3-4576-a2d2-1f274dbbc2a1" testListId="8c84fa94-04c1-424b-9868-57a2d4851a1d" />
    <TestEntry testId="aea2b97b-c820-26a0-f0d4-77175a63111a" executionId="e84275eb-921c-4133-bd19-1338c663884c" testListId="8c84fa94-04c1-424b-9868-57a2d4851a1d" />
    <TestEntry testId="18e4a4b0-321f-d8fe-e1dc-6bed9061c905" executionId="2a94c56a-f019-4c2a-b787-ae24f4287381" testListId="8c84fa94-04c1-424b-9868-57a2d4851a1d" />
    <TestEntry testId="29f6a3cc-4238-b7f6-fe09-faef69b4c2d2" executionId="4edfc03a-1f18-42a2-9025-01c9c2e76231" testListId="8c84fa94-04c1-424b-9868-57a2d4851a1d" />
    <TestEntry testId="d1981100-7810-b4b9-afdd-48e37317502a" executionId="74ce140f-f211-4b66-9692-189dad2a42f4" testListId="8c84fa94-04c1-424b-9868-57a2d4851a1d" />
    <TestEntry testId="9316568e-506c-ed6d-5077-25d70d0ecc30" executionId="0d460592-0add-4722-b62e-726932372381" testListId="8c84fa94-04c1-424b-9868-57a2d4851a1d" />
    <TestEntry testId="152bd078-e8ce-d8c5-5081-efc5af0ee103" executionId="d647fcd3-7299-4362-a651-081f53e5703a" testListId="8c84fa94-04c1-424b-9868-57a2d4851a1d" />
  </TestEntries>
  <Results>
    <UnitTestResult executionId="0141de83-4090-4595-88a8-c3d072e266cd" testId="8e238ebb-5605-3812-5fb7-769d1161d1e8" testName="Test_PurchaseCard_InvalidCredentials" computerName="UGGLAN" duration="00:00:04.0026357" startTime="2012-10-02T13:50:09.2556107-07:00" endTime="2012-10-02T13:50:15.1459476-07:00" testType="13cdc9d9-ddb5-4fa4-a97d-d965ccfc6d4b" outcome="Passed" testListId="8c84fa94-04c1-424b-9868-57a2d4851a1d" relativeResultsDirectory="0141de83-4090-4595-88a8-c3d072e266cd">
    </UnitTestResult>
    <UnitTestResult executionId="6e6f34c8-2874-42d7-ac7a-b4dc0c981544" testId="deba0817-cbdc-6ef0-8ac9-ed202de95483" testName="Test_PurchaseCard_InsufficientFunds" computerName="UGGLAN" duration="00:00:00.4228924" startTime="2012-10-02T13:50:15.1609484-07:00" endTime="2012-10-02T13:50:15.5889729-07:00" testType="13cdc9d9-ddb5-4fa4-a97d-d965ccfc6d4b" outcome="Passed" testListId="8c84fa94-04c1-424b-9868-57a2d4851a1d" relativeResultsDirectory="6e6f34c8-2874-42d7-ac7a-b4dc0c981544">
    </UnitTestResult>
    <UnitTestResult executionId="d02e87ca-6b94-4ecf-8413-b636405b074e" testId="41c93455-8c54-54d6-1c21-f886a3fe91ab" testName="Test_PurchaseCard_InvalidInput_Sku" computerName="UGGLAN" duration="00:00:00.2692847" startTime="2012-10-02T13:50:15.5949733-07:00" endTime="2012-10-02T13:50:15.8699890-07:00" testType="13cdc9d9-ddb5-4fa4-a97d-d965ccfc6d4b" outcome="Passed" testListId="8c84fa94-04c1-424b-9868-57a2d4851a1d" relativeResultsDirectory="d02e87ca-6b94-4ecf-8413-b636405b074e">
    </UnitTestResult>
    <UnitTestResult executionId="d1bd2e66-eecd-4bf2-a2c9-5a9ad3846318" testId="c5fa947b-2454-14f3-3111-2ad4672d59c2" testName="Test_PurchaseCard_InsufficientFunds_10000000" computerName="UGGLAN" duration="00:00:00.3556464" startTime="2012-10-02T13:50:15.8749893-07:00" endTime="2012-10-02T13:50:16.2350099-07:00" testType="13cdc9d9-ddb5-4fa4-a97d-d965ccfc6d4b" outcome="Passed" testListId="8c84fa94-04c1-424b-9868-57a2d4851a1d" relativeResultsDirectory="d1bd2e66-eecd-4bf2-a2c9-5a9ad3846318">
    </UnitTestResult>
    <UnitTestResult executionId="ba917bfc-5dc3-4576-a2d2-1f274dbbc2a1" testId="82c3326d-81f5-aba8-e1bb-3a64ecece58f" testName="Test_PurchaseCard_with_NoDelivery_Api" computerName="UGGLAN" duration="00:00:00.7864246" startTime="2012-10-02T13:50:16.2390101-07:00" endTime="2012-10-02T13:50:17.0300554-07:00" testType="13cdc9d9-ddb5-4fa4-a97d-d965ccfc6d4b" outcome="Passed" testListId="8c84fa94-04c1-424b-9868-57a2d4851a1d" relativeResultsDirectory="ba917bfc-5dc3-4576-a2d2-1f274dbbc2a1">
    </UnitTestResult>
    <UnitTestResult executionId="e84275eb-921c-4133-bd19-1338c663884c" testId="aea2b97b-c820-26a0-f0d4-77175a63111a" testName="Test_PurchaseCard_with_NoDelivery" computerName="UGGLAN" duration="00:00:00.8060237" startTime="2012-10-02T13:50:17.0370558-07:00" endTime="2012-10-02T13:50:17.8481021-07:00" testType="13cdc9d9-ddb5-4fa4-a97d-d965ccfc6d4b" outcome="Passed" testListId="8c84fa94-04c1-424b-9868-57a2d4851a1d" relativeResultsDirectory="e84275eb-921c-4133-bd19-1338c663884c">
    </UnitTestResult>
    <UnitTestResult executionId="2a94c56a-f019-4c2a-b787-ae24f4287381" testId="18e4a4b0-321f-d8fe-e1dc-6bed9061c905" testName="Test_PurchaseCard_with_Delivery" computerName="UGGLAN" duration="00:00:01.5693739" startTime="2012-10-02T13:50:17.8551025-07:00" endTime="2012-10-02T13:50:19.4281925-07:00" testType="13cdc9d9-ddb5-4fa4-a97d-d965ccfc6d4b" outcome="Passed" testListId="8c84fa94-04c1-424b-9868-57a2d4851a1d" relativeResultsDirectory="2a94c56a-f019-4c2a-b787-ae24f4287381">
    </UnitTestResult>
    <UnitTestResult executionId="4edfc03a-1f18-42a2-9025-01c9c2e76231" testId="29f6a3cc-4238-b7f6-fe09-faef69b4c2d2" testName="Test_GetAvailableBalance_Api" computerName="UGGLAN" duration="00:00:00.2321149" startTime="2012-10-02T13:50:19.4391931-07:00" endTime="2012-10-02T13:50:19.6752066-07:00" testType="13cdc9d9-ddb5-4fa4-a97d-d965ccfc6d4b" outcome="Passed" testListId="8c84fa94-04c1-424b-9868-57a2d4851a1d" relativeResultsDirectory="4edfc03a-1f18-42a2-9025-01c9c2e76231">
    </UnitTestResult>
    <UnitTestResult executionId="74ce140f-f211-4b66-9692-189dad2a42f4" testId="d1981100-7810-b4b9-afdd-48e37317502a" testName="Test_GetAvailableBalance_Request" computerName="UGGLAN" duration="00:00:00.2321690" startTime="2012-10-02T13:50:19.6802069-07:00" endTime="2012-10-02T13:50:19.9162204-07:00" testType="13cdc9d9-ddb5-4fa4-a97d-d965ccfc6d4b" outcome="Passed" testListId="8c84fa94-04c1-424b-9868-57a2d4851a1d" relativeResultsDirectory="74ce140f-f211-4b66-9692-189dad2a42f4">
    </UnitTestResult>
    <UnitTestResult executionId="0d460592-0add-4722-b62e-726932372381" testId="9316568e-506c-ed6d-5077-25d70d0ecc30" testName="Test_GetAvailableBalance_InvalidCredentials" computerName="UGGLAN" duration="00:00:00.2465004" startTime="2012-10-02T13:50:19.9242209-07:00" endTime="2012-10-02T13:50:20.1752352-07:00" testType="13cdc9d9-ddb5-4fa4-a97d-d965ccfc6d4b" outcome="Passed" testListId="8c84fa94-04c1-424b-9868-57a2d4851a1d" relativeResultsDirectory="0d460592-0add-4722-b62e-726932372381">
    </UnitTestResult>
    <UnitTestResult executionId="d647fcd3-7299-4362-a651-081f53e5703a" testId="152bd078-e8ce-d8c5-5081-efc5af0ee103" testName="Test_GetAvailableBalance_InsufficientFunds" computerName="UGGLAN" duration="00:00:00.2426658" startTime="2012-10-02T13:50:20.1802355-07:00" endTime="2012-10-02T13:50:20.4272497-07:00" testType="13cdc9d9-ddb5-4fa4-a97d-d965ccfc6d4b" outcome="Passed" testListId="8c84fa94-04c1-424b-9868-57a2d4851a1d" relativeResultsDirectory="d647fcd3-7299-4362-a651-081f53e5703a">
    </UnitTestResult>
  </Results>
</TestRun>